2026-06-03 08:57:51, SELF, v:1, k:ed@especiais, self:1, study:180
2026-06-03 08:58:13, MOVE, v:1, k:ed@especiais, mode:PICK
2026-06-03 08:58:16, EXEC, v:1, k:ed@especiais, mode:FULL, rate:100, size:288
2026-06-03 08:58:18, MOVE, v:1, k:ed@especiais, mode:BACK
2026-06-03 08:58:23, MOVE, v:1, k:ed@especiais, mode:PICK
2026-06-03 08:58:27, EXEC, v:1, k:ed@especiais, mode:FULL, rate:0, size:70
2026-06-03 08:58:29, EXEC, v:1, k:ed@especiais, mode:FREE
2026-06-03 09:01:32, MOVE, v:1, k:ed@princesa, mode:EDIT
2026-06-03 09:04:59, MOVE, v:1, k:ed@princesa, mode:EDIT
2026-06-03 09:11:34, MOVE, v:1, k:ed@princesa, mode:EDIT
2026-06-03 09:16:28, MOVE, v:1, k:ed@especiais, mode:BACK
2026-06-03 09:16:39, MOVE, v:1, k:ed@especiais, mode:PICK
2026-06-03 09:16:40, EXEC, v:1, k:ed@especiais, mode:FULL, rate:100
2026-06-03 09:16:41, MOVE, v:1, k:ed@especiais, mode:BACK
2026-06-03 09:16:50, SELF, v:1, k:ed@especiais, self:1, rate:100, study:180
2026-06-03 09:19:29, SELF, v:1, k:ed@editorint, self:1, rate:100, concept:1, refactor:1
2026-06-03 09:19:51, MOVE, v:1, k:ed@especiais, mode:PICK
2026-06-03 09:19:55, EXEC, v:1, k:ed@especiais, mode:LOCK, rate:0, size:354
2026-06-03 09:19:59, MOVE, v:1, k:ed@especiais, mode:BACK
2026-06-03 09:20:07, SELF, v:1, k:ed@editorint, self:1, rate:100, concept:1, refactor:1
2026-06-03 09:20:11, MOVE, v:1, k:ed@prin_list1, mode:DOWN
2026-06-03 09:20:13, MOVE, v:1, k:ed@especiais, mode:PICK
2026-06-03 09:20:29, EXEC, v:1, k:ed@especiais, mode:FULL, size:172, fail:COMP
2026-06-03 09:20:11, MOVE, v:1, k:ed@prin_list1, mode:EDIT
2026-06-03 09:20:11, MOVE, v:1, k:ed@prin_list1, mode:EDIT
2026-06-03 09:20:11, MOVE, v:1, k:ed@prin_list1, mode:EDIT
2026-06-03 09:20:11, MOVE, v:1, k:ed@prin_list1, mode:EDIT
2026-06-03 09:27:55, EXEC, v:1, k:ed@especiais, mode:FULL, rate:0, size:183
2026-06-03 09:29:02, EXEC, v:1, k:ed@especiais, mode:FULL, rate:0, size:183
2026-06-03 09:29:38, EXEC, v:1, k:ed@especiais, mode:FULL, rate:0, size:183
2026-06-03 09:29:35, MOVE, v:1, k:ed@prin_list1, mode:EDIT
2026-06-03 09:32:49, EXEC, v:1, k:ed@especiais, mode:FULL, rate:0, size:187
2026-06-03 09:33:23, MOVE, v:1, k:ed@especiais, mode:BACK
2026-06-03 09:34:11, MOVE, v:1, k:ed@especiais, mode:PICK
2026-06-03 09:34:13, MOVE, v:1, k:ed@especiais, mode:BACK
2026-06-03 09:34:50, SELF, v:1, k:ed@fractais_png, self:1, rate:20
