2026-05-15 09:58:09, MOVE, v:1, k:ed@priminhos, mode:PICK
2026-05-15 09:58:16, EXEC, v:1, k:ed@priminhos, mode:FULL, rate:0
2026-05-15 10:00:12, EXEC, v:1, k:ed@priminhos, mode:FULL, rate:0, size:71
2026-05-15 10:00:41, EXEC, v:1, k:ed@priminhos, mode:FULL, rate:0, size:71
2026-05-15 10:02:22, EXEC, v:1, k:ed@priminhos, mode:FULL, rate:0, size:73
2026-05-15 10:02:17, MOVE, v:1, k:ed@priminhos, mode:EDIT
2026-05-15 10:03:20, EXEC, v:1, k:ed@priminhos, mode:FULL, rate:0, size:73
2026-05-15 10:03:48, EXEC, v:1, k:ed@priminhos, mode:FULL, rate:0, size:73
2026-05-15 10:04:50, EXEC, v:1, k:ed@priminhos, mode:FULL, rate:0, size:72
2026-05-15 10:06:39, EXEC, v:1, k:ed@priminhos, mode:FULL, rate:0, size:70
2026-05-15 10:06:37, MOVE, v:1, k:ed@priminhos, mode:EDIT
2026-05-15 10:11:04, EXEC, v:1, k:ed@priminhos, mode:FULL, rate:0, size:72
2026-05-15 10:11:50, EXEC, v:1, k:ed@priminhos, mode:FULL, rate:0, size:71
2026-05-15 10:12:08, EXEC, v:1, k:ed@priminhos, mode:FULL, rate:0, size:71
2026-05-15 10:12:03, MOVE, v:1, k:ed@priminhos, mode:EDIT
2026-05-15 10:13:45, EXEC, v:1, k:ed@priminhos, mode:FULL, rate:0, size:71
2026-05-15 10:14:05, EXEC, v:1, k:ed@priminhos, mode:FULL, rate:0, size:71
2026-05-15 10:14:40, EXEC, v:1, k:ed@priminhos, mode:FULL, rate:100, size:68
2026-05-15 10:17:09, MOVE, v:1, k:ed@priminhos, mode:BACK
2026-05-15 10:17:56, SELF, v:1, k:ed@priminhos, self:1, rate:100, study:40, concept:1
2026-05-15 10:14:36, MOVE, v:1, k:ed@priminhos, mode:EDIT
2026-05-15 10:18:40, MOVE, v:1, k:ed@quadrado, mode:DOWN
2026-05-15 10:18:40, MOVE, v:1, k:ed@quadrado, mode:EDIT
2026-05-15 10:18:40, MOVE, v:1, k:ed@quadrado, mode:EDIT
2026-05-15 10:18:40, MOVE, v:1, k:ed@quadrado, mode:EDIT
2026-05-15 10:27:42, MOVE, v:1, k:ed@quadrado, mode:EDIT
2026-05-15 10:28:19, MOVE, v:1, k:ed@quadrado, mode:PICK
2026-05-15 10:28:26, EXEC, v:1, k:ed@quadrado, mode:FULL, rate:0, size:25
2026-05-15 10:29:55, EXEC, v:1, k:ed@quadrado, mode:FULL, rate:0, size:25
2026-05-15 10:30:24, EXEC, v:1, k:ed@quadrado, mode:FULL, rate:0, size:25
2026-05-15 10:30:47, EXEC, v:1, k:ed@quadrado, mode:FULL, rate:0, size:25
2026-05-15 10:31:40, EXEC, v:1, k:ed@quadrado, mode:FULL, rate:5, size:25
2026-05-15 10:31:33, MOVE, v:1, k:ed@quadrado, mode:EDIT
2026-05-15 10:34:57, EXEC, v:1, k:ed@quadrado, mode:FULL, rate:5, size:28
2026-05-15 10:35:12, EXEC, v:1, k:ed@quadrado, mode:FULL, rate:5, size:28
2026-05-15 10:36:32, EXEC, v:1, k:ed@quadrado, mode:FULL, rate:5, size:31
2026-05-15 10:37:34, EXEC, v:1, k:ed@quadrado, mode:FULL, rate:5, size:36
2026-05-15 10:37:25, MOVE, v:1, k:ed@quadrado, mode:EDIT
2026-05-15 10:39:05, EXEC, v:1, k:ed@quadrado, mode:FULL, rate:10, size:33
2026-05-15 10:41:10, EXEC, v:1, k:ed@quadrado, mode:FULL, rate:100, size:31
2026-05-15 10:41:19, MOVE, v:1, k:ed@quadrado, mode:BACK
2026-05-15 10:41:37, SELF, v:1, k:ed@quadrado, self:1, rate:100, study:20
2026-05-15 10:41:03, MOVE, v:1, k:ed@quadrado, mode:EDIT
2026-05-15 10:43:49, MOVE, v:1, k:ed@santo, mode:DOWN
2026-05-15 10:43:49, MOVE, v:1, k:ed@santo, mode:EDIT
2026-05-15 10:43:49, MOVE, v:1, k:ed@santo, mode:EDIT
2026-05-15 13:50:06, MOVE, v:1, k:ed@santo, mode:PICK
2026-05-15 13:50:09, EXEC, v:1, k:ed@santo, mode:FULL, rate:0, size:30
2026-05-15 13:50:42, EXEC, v:1, k:ed@santo, mode:FULL, rate:0, size:30
2026-05-15 13:52:53, EXEC, v:1, k:ed@santo, mode:FULL, rate:0, size:32
2026-05-15 13:53:01, EXEC, v:1, k:ed@santo, mode:FULL, rate:0, size:32
2026-05-15 13:54:06, EXEC, v:1, k:ed@santo, mode:FULL, rate:0, size:32
2026-05-15 13:54:16, EXEC, v:1, k:ed@santo, mode:FULL, rate:0, size:32
2026-05-15 13:54:49, EXEC, v:1, k:ed@santo, mode:FULL, rate:0, size:32
2026-05-15 13:54:59, EXEC, v:1, k:ed@santo, mode:FULL, rate:100, size:32
2026-05-15 13:54:58, MOVE, v:1, k:ed@santo, mode:EDIT
2026-05-15 13:57:51, EXEC, v:1, k:ed@santo, mode:FULL, rate:100, size:44
2026-05-15 13:58:00, MOVE, v:1, k:ed@santo, mode:BACK
2026-05-15 13:58:12, SELF, v:1, k:ed@santo, self:1, rate:100, study:20
2026-05-15 13:58:29, MOVE, v:1, k:ed@padroes2, mode:DOWN
2026-05-15 13:57:48, MOVE, v:1, k:ed@santo, mode:EDIT
2026-05-15 13:58:29, MOVE, v:1, k:ed@padroes2, mode:EDIT
2026-05-15 13:58:29, MOVE, v:1, k:ed@padroes2, mode:EDIT
2026-05-15 13:58:29, MOVE, v:1, k:ed@padroes2, mode:EDIT
2026-05-15 14:13:33, MOVE, v:1, k:ed@padroes2, mode:EDIT
2026-05-15 14:16:16, MOVE, v:1, k:ed@padroes2, mode:PICK
2026-05-15 14:16:19, EXEC, v:1, k:ed@padroes2, mode:FULL, rate:2, size:26
2026-05-15 14:16:32, EXEC, v:1, k:ed@padroes2, mode:FULL, rate:100, size:26
2026-05-15 14:16:48, MOVE, v:1, k:ed@padroes2, mode:BACK
2026-05-15 14:17:01, SELF, v:1, k:ed@padroes2, self:1, rate:100, study:10
2026-05-15 14:17:13, MOVE, v:1, k:ed@padroes3, mode:DOWN
2026-05-15 14:16:29, MOVE, v:1, k:ed@padroes2, mode:EDIT
2026-05-15 14:17:13, MOVE, v:1, k:ed@padroes3, mode:EDIT
2026-05-15 14:17:13, MOVE, v:1, k:ed@padroes3, mode:EDIT
2026-05-15 14:24:55, MOVE, v:1, k:ed@padroes3, mode:EDIT
2026-05-15 14:26:56, MOVE, v:1, k:ed@padroes3, mode:PICK
2026-05-15 14:27:00, EXEC, v:1, k:ed@padroes3, mode:FULL, rate:12, size:27
2026-05-15 14:28:27, EXEC, v:1, k:ed@padroes3, mode:FULL, rate:15, size:39
2026-05-15 14:29:13, EXEC, v:1, k:ed@padroes3, mode:FULL, rate:25, size:39
2026-05-15 14:29:44, MOVE, v:1, k:ed@padroes3, mode:EDIT
2026-05-15 14:35:01, MOVE, v:1, k:ed@padroes3, mode:EDIT
2026-05-15 14:35:36, EXEC, v:1, k:ed@padroes3, mode:FULL, rate:37, size:51
2026-05-15 14:39:25, MOVE, v:1, k:ed@padroes3, mode:EDIT
2026-05-15 14:43:51, MOVE, v:1, k:ed@padroes3, mode:EDIT
2026-05-15 14:48:48, MOVE, v:1, k:ed@padroes3, mode:EDIT
2026-05-15 14:54:30, MOVE, v:1, k:ed@padroes3, mode:EDIT
2026-05-15 14:59:43, MOVE, v:1, k:ed@padroes3, mode:EDIT
2026-05-15 15:00:36, EXEC, v:1, k:ed@padroes3, mode:FULL, rate:38, size:68
2026-05-15 15:02:52, EXEC, v:1, k:ed@padroes3, mode:FULL, rate:50, size:68
2026-05-15 15:02:48, MOVE, v:1, k:ed@padroes3, mode:EDIT
2026-05-15 15:06:26, MOVE, v:1, k:ed@padroes3, mode:EDIT
2026-05-15 15:06:29, MOVE, v:1, k:ed@padroes3, mode:EDIT
2026-05-15 15:19:46, MOVE, v:1, k:ed@padroes3, mode:EDIT
2026-05-15 15:32:31, EXEC, v:1, k:ed@padroes3, mode:FULL, rate:1, size:95
2026-05-15 15:32:56, EXEC, v:1, k:ed@padroes3, mode:FULL, rate:100, size:95
2026-05-15 15:34:54, MOVE, v:1, k:ed@padroes3, mode:EDIT
2026-05-15 15:35:30, MOVE, v:1, k:ed@padroes3, mode:BACK
2026-05-15 15:36:14, SELF, v:1, k:ed@padroes3, self:1, rate:100, study:60, concept:1
2026-05-15 16:34:12, MOVE, v:1, k:ed@bitcoin, mode:DOWN
2026-05-15 16:34:12, MOVE, v:1, k:ed@bitcoin, mode:EDIT
2026-05-15 16:34:12, MOVE, v:1, k:ed@bitcoin, mode:EDIT
2026-05-15 16:37:02, MOVE, v:1, k:ed@bettersearch, mode:PICK
2026-05-15 16:37:04, MOVE, v:1, k:ed@bettersearch, mode:BACK
2026-05-15 16:37:38, MOVE, v:1, k:ed@bettersearch, mode:PICK
2026-05-15 16:37:39, EXEC, v:1, k:ed@bettersearch, mode:FULL, rate:18, size:55
2026-05-15 16:36:48, MOVE, v:1, k:ed@bettersearch, mode:EDIT
2026-05-15 16:41:39, EXEC, v:1, k:ed@bettersearch, mode:FULL, rate:45, size:74
2026-05-15 16:42:04, EXEC, v:1, k:ed@bettersearch, mode:FULL, rate:63, size:74
2026-05-15 16:42:02, MOVE, v:1, k:ed@bettersearch, mode:EDIT
2026-05-15 16:47:49, EXEC, v:1, k:ed@bettersearch, mode:FULL, rate:63, size:82
2026-05-15 16:49:57, EXEC, v:1, k:ed@bettersearch, mode:FULL, rate:54, size:84
2026-05-15 16:50:03, MOVE, v:1, k:ed@bettersearch, mode:EDIT
2026-05-15 16:50:59, EXEC, v:1, k:ed@bettersearch, mode:FULL, rate:63, size:81
2026-05-15 16:52:06, EXEC, v:1, k:ed@bettersearch, mode:FULL, rate:90, size:83
2026-05-15 16:54:20, EXEC, v:1, k:ed@bettersearch, mode:FULL, rate:81, size:85
2026-05-15 16:54:19, MOVE, v:1, k:ed@bettersearch, mode:EDIT
2026-05-15 16:55:51, EXEC, v:1, k:ed@bettersearch, mode:FULL, rate:100, size:87
2026-05-15 16:56:00, MOVE, v:1, k:ed@bettersearch, mode:BACK
2026-05-15 16:56:21, SELF, v:1, k:ed@bettersearch, self:1, rate:100, study:16
2026-05-15 16:57:03, MOVE, v:1, k:ed@multiset, mode:PICK
2026-05-15 16:57:49, MOVE, v:1, k:ed@multiset, mode:BACK
