2026-05-20 08:24:20, MOVE, v:1, k:ed@subset_sum, mode:PICK
2026-05-20 08:24:22, EXEC, v:1, k:ed@subset_sum, mode:FULL, rate:0, size:65
2026-05-20 08:24:44, EXEC, v:1, k:ed@subset_sum, mode:FULL, rate:0, size:65
2026-05-20 08:26:06, EXEC, v:1, k:ed@subset_sum, mode:FULL, rate:0, size:65
2026-05-20 08:26:30, EXEC, v:1, k:ed@subset_sum, mode:FULL, rate:0, size:65
2026-05-20 08:31:27, MOVE, v:1, k:ed@subset_sum, mode:EDIT
2026-05-20 08:31:52, MOVE, v:1, k:ed@subset_sum, mode:PICK
2026-05-20 08:31:53, EXEC, v:1, k:ed@subset_sum, mode:FULL, rate:0, size:68
2026-05-20 08:31:48, MOVE, v:1, k:ed@subset_sum, mode:EDIT
2026-05-20 08:49:47, MOVE, v:1, k:ed@subset_sum, mode:EDIT
2026-05-20 08:52:38, EXEC, v:1, k:ed@subset_sum, mode:FULL, rate:66, size:67
2026-05-20 08:53:50, EXEC, v:1, k:ed@subset_sum, mode:FULL, rate:66
2026-05-20 08:54:02, EXEC, v:1, k:ed@subset_sum, mode:FULL, rate:66
2026-05-20 08:53:43, MOVE, v:1, k:ed@subset_sum, mode:EDIT
2026-05-20 09:21:24, MOVE, v:1, k:ed@subset_sum, mode:EDIT
2026-05-20 09:26:53, MOVE, v:1, k:ed@subset_sum, mode:EDIT
2026-05-20 09:33:43, MOVE, v:1, k:ed@subset_sum, mode:EDIT
2026-05-20 09:40:39, EXEC, v:1, k:ed@subset_sum, mode:FULL, rate:87, size:87
2026-05-20 09:40:36, MOVE, v:1, k:ed@subset_sum, mode:EDIT
2026-05-20 09:43:41, EXEC, v:1, k:ed@subset_sum, mode:FULL, rate:91, size:92
2026-05-20 09:43:39, MOVE, v:1, k:ed@subset_sum, mode:EDIT
2026-05-20 09:49:37, MOVE, v:1, k:ed@subset_sum, mode:EDIT
2026-05-20 09:51:49, MOVE, v:1, k:ed@subset_sum, mode:PICK
2026-05-20 09:51:51, EXEC, v:1, k:ed@subset_sum, mode:FULL, rate:91, size:81
2026-05-20 09:54:50, EXEC, v:1, k:ed@subset_sum, mode:FULL, rate:54, size:81
2026-05-20 15:57:36, MOVE, v:1, k:ed@subset_sum, mode:PICK
2026-05-20 15:57:39, EXEC, v:1, k:ed@subset_sum, mode:FULL, rate:79, size:83
2026-05-20 15:59:10, EXEC, v:1, k:ed@subset_sum, mode:FULL, rate:91, size:81
2026-05-20 15:59:08, MOVE, v:1, k:ed@subset_sum, mode:EDIT
2026-05-20 16:18:39, EXEC, v:1, k:ed@subset_sum, mode:FULL, rate:87, size:80
2026-05-20 16:20:08, EXEC, v:1, k:ed@subset_sum, mode:FULL, rate:87, size:83
2026-05-20 16:20:06, MOVE, v:1, k:ed@subset_sum, mode:EDIT
2026-05-20 16:36:11, EXEC, v:1, k:ed@subset_sum, mode:FULL, rate:62, size:77
2026-05-20 16:36:09, MOVE, v:1, k:ed@subset_sum, mode:EDIT
2026-05-20 16:37:26, EXEC, v:1, k:ed@subset_sum, mode:FULL, rate:62, size:77
2026-05-20 16:41:25, EXEC, v:1, k:ed@subset_sum, mode:FULL, rate:62, size:70
2026-05-20 16:41:22, MOVE, v:1, k:ed@subset_sum, mode:EDIT
2026-05-20 16:49:00, EXEC, v:1, k:ed@subset_sum, mode:FULL, rate:62, size:70
2026-05-20 16:49:22, EXEC, v:1, k:ed@subset_sum, mode:FULL, rate:62, size:70
2026-05-20 16:49:28, MOVE, v:1, k:ed@subset_sum, mode:EDIT
2026-05-20 19:38:27, MOVE, v:1, k:ed@subset_sum, mode:PICK
2026-05-20 19:38:29, EXEC, v:1, k:ed@subset_sum, mode:FULL, rate:62, size:70
2026-05-20 19:47:38, EXEC, v:1, k:ed@subset_sum, mode:FULL, rate:62, size:70
2026-05-20 19:47:34, MOVE, v:1, k:ed@subset_sum, mode:EDIT
2026-05-20 19:48:35, EXEC, v:1, k:ed@subset_sum, mode:FULL, rate:0, size:73
2026-05-20 19:49:30, EXEC, v:1, k:ed@subset_sum, mode:FULL, rate:62, size:73
2026-05-20 19:51:42, MOVE, v:1, k:ed@subset_sum, mode:EDIT
2026-05-20 19:53:53, EXEC, v:1, k:ed@subset_sum, mode:FULL, rate:4, size:41
2026-05-20 19:57:48, MOVE, v:1, k:ed@subset_sum, mode:PICK
2026-05-20 19:58:03, EXEC, v:1, k:ed@subset_sum, mode:FULL, rate:4
2026-05-20 20:00:18, EXEC, v:1, k:ed@subset_sum, mode:FULL, rate:100, size:41
2026-05-20 20:00:42, MOVE, v:1, k:ed@subset_sum, mode:BACK
2026-05-20 20:01:51, SELF, v:1, k:ed@subset_sum, self:1, rate:100, study:300, concept:1
2026-05-20 20:00:13, MOVE, v:1, k:ed@subset_sum, mode:EDIT
2026-05-20 20:03:57, MOVE, v:1, k:ed@distancia, mode:DOWN
2026-05-20 20:03:57, MOVE, v:1, k:ed@distancia, mode:EDIT
2026-05-20 20:03:57, MOVE, v:1, k:ed@distancia, mode:EDIT
2026-05-20 21:15:06, MOVE, v:1, k:ed@distancia, mode:PICK
2026-05-20 21:15:08, EXEC, v:1, k:ed@distancia, mode:FULL, rate:0, size:5
2026-05-20 21:16:31, EXEC, v:1, k:ed@distancia, mode:FULL, rate:0, size:13
2026-05-20 21:16:29, MOVE, v:1, k:ed@distancia, mode:EDIT
2026-05-20 21:21:11, EXEC, v:1, k:ed@distancia, mode:FULL, rate:0, size:21
2026-05-20 21:21:09, MOVE, v:1, k:ed@distancia, mode:EDIT
2026-05-20 21:31:27, MOVE, v:1, k:ed@distancia, mode:EDIT
2026-05-20 22:04:38, MOVE, v:1, k:ed@distancia, mode:EDIT
2026-05-20 22:09:08, MOVE, v:1, k:ed@distancia, mode:EDIT
2026-05-20 22:23:49, MOVE, v:1, k:ed@distancia, mode:EDIT
2026-05-20 22:29:49, EXEC, v:1, k:ed@distancia, mode:FULL, rate:0, size:47
2026-05-20 22:29:46, MOVE, v:1, k:ed@distancia, mode:EDIT
