2026-05-19 08:12:57, MOVE, v:1, k:ed@multiset, mode:PICK
2026-05-19 08:12:59, EXEC, v:1, k:ed@multiset, mode:FULL, rate:83, size:270
2026-05-19 08:13:15, MOVE, v:1, k:ed@multiset, mode:BACK
2026-05-19 15:39:15, MOVE, v:1, k:ed@multiset, mode:PICK
2026-05-19 15:39:17, EXEC, v:1, k:ed@multiset, mode:FULL, rate:83
2026-05-19 15:39:26, EXEC, v:1, k:ed@multiset, mode:FREE
2026-05-19 15:40:51, EXEC, v:1, k:ed@multiset, mode:FULL, rate:100, size:270
2026-05-19 15:40:45, MOVE, v:1, k:ed@multiset, mode:EDIT
2026-05-19 15:45:54, EXEC, v:1, k:ed@multiset, mode:FULL, rate:83, size:270
2026-05-19 15:46:10, MOVE, v:1, k:ed@multiset, mode:PICK
2026-05-19 15:46:16, EXEC, v:1, k:ed@multiset, mode:FULL, rate:100, size:270
2026-05-19 15:46:17, MOVE, v:1, k:ed@multiset, mode:BACK
2026-05-19 15:46:37, SELF, v:1, k:ed@multiset, self:1, rate:100, study:180
2026-05-19 15:57:45, MOVE, v:1, k:ed@subset_sum, mode:DOWN
2026-05-19 15:57:45, MOVE, v:1, k:ed@subset_sum, mode:EDIT
2026-05-19 15:57:45, MOVE, v:1, k:ed@subset_sum, mode:EDIT
2026-05-19 15:59:35, MOVE, v:1, k:ed@subset_sum, mode:EDIT
2026-05-19 16:08:50, MOVE, v:1, k:ed@subset_sum, mode:EDIT
2026-05-19 16:13:18, MOVE, v:1, k:ed@subset_sum, mode:EDIT
2026-05-19 16:16:19, MOVE, v:1, k:ed@subset_sum, mode:PICK
2026-05-19 16:16:20, EXEC, v:1, k:ed@subset_sum, mode:FREE, size:27
2026-05-19 16:20:03, MOVE, v:1, k:ed@subset_sum, mode:EDIT
2026-05-19 16:25:21, MOVE, v:1, k:ed@subset_sum, mode:EDIT
2026-05-19 16:43:33, MOVE, v:1, k:ed@subset_sum, mode:EDIT
2026-05-19 17:05:33, MOVE, v:1, k:ed@subset_sum, mode:BACK
2026-05-19 17:05:34, MOVE, v:1, k:ed@subset_sum, mode:PICK
2026-05-19 17:05:35, MOVE, v:1, k:ed@subset_sum, mode:BACK
2026-05-19 22:17:29, MOVE, v:1, k:ed@subset_sum, mode:PICK
2026-05-19 22:17:30, EXEC, v:1, k:ed@subset_sum, mode:FREE, size:40
2026-05-19 22:22:03, MOVE, v:1, k:ed@subset_sum, mode:EDIT
2026-05-19 22:24:00, MOVE, v:1, k:ed@subset_sum, mode:EDIT
2026-05-19 22:32:39, MOVE, v:1, k:ed@subset_sum, mode:EDIT
2026-05-19 22:48:19, MOVE, v:1, k:ed@subset_sum, mode:EDIT
2026-05-19 22:53:32, EXEC, v:1, k:ed@subset_sum, mode:FULL, rate:50, size:50
2026-05-19 22:57:12, EXEC, v:1, k:ed@subset_sum, mode:FULL, rate:0, size:50
2026-05-19 22:57:10, MOVE, v:1, k:ed@subset_sum, mode:EDIT
2026-05-19 23:08:33, MOVE, v:1, k:ed@subset_sum, mode:PICK
2026-05-19 23:08:35, EXEC, v:1, k:ed@subset_sum, mode:FULL, rate:54, size:50
2026-05-19 23:13:17, EXEC, v:1, k:ed@subset_sum, mode:FULL, rate:0, size:64
2026-05-19 23:10:27, MOVE, v:1, k:ed@subset_sum, mode:EDIT
2026-05-19 23:13:09, MOVE, v:1, k:ed@subset_sum, mode:EDIT
2026-05-19 23:19:58, MOVE, v:1, k:ed@subset_sum, mode:EDIT
2026-05-19 23:26:43, EXEC, v:1, k:ed@subset_sum, mode:FULL, rate:0, size:66
2026-05-19 23:27:16, EXEC, v:1, k:ed@subset_sum, mode:FULL, rate:0, size:66
2026-05-19 23:27:14, MOVE, v:1, k:ed@subset_sum, mode:EDIT
