2026-06-09 13:12:28, MOVE, v:1, k:ed@altura, mode:PICK
2026-06-09 13:12:31, EXEC, v:1, k:ed@altura, mode:FULL, rate:0
2026-06-09 13:15:39, MOVE, v:1, k:ed@altura, mode:BACK
2026-06-09 13:17:17, MOVE, v:1, k:ed@altura, mode:PICK
2026-06-09 13:17:18, EXEC, v:1, k:ed@altura, mode:FULL, rate:0, size:138
2026-06-09 13:17:13, MOVE, v:1, k:ed@altura, mode:EDIT
2026-06-09 13:23:07, EXEC, v:1, k:ed@altura, mode:FULL, rate:0, size:140
2026-06-09 13:23:24, EXEC, v:1, k:ed@altura, mode:FULL, rate:0, size:140
2026-06-09 13:24:43, EXEC, v:1, k:ed@altura, mode:FULL, rate:0, size:142
2026-06-09 13:25:21, EXEC, v:1, k:ed@altura, mode:FULL, rate:0, size:141
2026-06-09 13:25:34, EXEC, v:1, k:ed@altura, mode:FULL, rate:0, size:141
2026-06-09 13:25:48, EXEC, v:1, k:ed@altura, mode:FULL, rate:0, size:142
2026-06-09 13:26:12, EXEC, v:1, k:ed@altura, mode:FULL, rate:0, size:140
2026-06-09 13:27:03, EXEC, v:1, k:ed@altura, mode:FULL, rate:0, size:140
2026-06-09 13:26:50, MOVE, v:1, k:ed@altura, mode:EDIT
2026-06-09 13:27:53, EXEC, v:1, k:ed@altura, mode:FULL, rate:0, size:140
2026-06-09 13:29:26, EXEC, v:1, k:ed@altura, mode:FULL, rate:0, size:142
2026-06-09 13:29:24, MOVE, v:1, k:ed@altura, mode:EDIT
2026-06-09 13:47:01, EXEC, v:1, k:ed@altura, mode:FULL, rate:0, size:157
2026-06-09 13:46:57, MOVE, v:1, k:ed@altura, mode:EDIT
2026-06-09 13:49:36, EXEC, v:1, k:ed@altura, mode:FULL, rate:0, size:157
2026-06-09 13:50:17, EXEC, v:1, k:ed@altura, mode:FULL, rate:14, size:157
2026-06-09 13:50:35, EXEC, v:1, k:ed@altura, mode:FULL, rate:14, size:157
2026-06-09 13:51:58, EXEC, v:1, k:ed@altura, mode:FULL, rate:14, size:157
2026-06-09 13:51:56, MOVE, v:1, k:ed@altura, mode:EDIT
2026-06-09 13:54:55, EXEC, v:1, k:ed@altura, mode:FULL, rate:14, size:157
2026-06-09 13:56:11, EXEC, v:1, k:ed@altura, mode:FULL, rate:14, size:157
2026-06-09 13:56:25, EXEC, v:1, k:ed@altura, mode:FULL, rate:0, size:157
2026-06-09 13:56:23, MOVE, v:1, k:ed@altura, mode:EDIT
2026-06-09 13:57:42, EXEC, v:1, k:ed@altura, mode:FULL, rate:14, size:158
2026-06-09 13:58:03, EXEC, v:1, k:ed@altura, mode:FULL, rate:14, size:158
2026-06-09 14:00:54, EXEC, v:1, k:ed@altura, mode:FULL, rate:14, size:158
2026-06-09 14:02:03, EXEC, v:1, k:ed@altura, mode:FULL, rate:14, size:157
2026-06-09 14:02:00, MOVE, v:1, k:ed@altura, mode:EDIT
2026-06-09 14:02:30, EXEC, v:1, k:ed@altura, mode:FULL, rate:0, size:157
2026-06-09 14:02:28, MOVE, v:1, k:ed@altura, mode:EDIT
2026-06-09 14:13:12, EXEC, v:1, k:ed@altura, mode:FULL, rate:28, size:157
2026-06-09 14:13:34, EXEC, v:1, k:ed@altura, mode:FULL, rate:14, size:157
2026-06-09 14:16:04, EXEC, v:1, k:ed@altura, mode:FULL, rate:14, size:157
2026-06-09 14:16:13, EXEC, v:1, k:ed@altura, mode:FULL, rate:14, size:157
2026-06-09 14:16:11, MOVE, v:1, k:ed@altura, mode:EDIT
2026-06-09 14:22:36, EXEC, v:1, k:ed@altura, mode:FULL, rate:28, size:157
2026-06-09 14:22:34, MOVE, v:1, k:ed@altura, mode:EDIT
2026-06-09 14:29:20, MOVE, v:1, k:ed@altura, mode:BACK
2026-06-09 14:31:01, MOVE, v:1, k:ed@especiais, mode:PICK
2026-06-09 14:31:34, MOVE, v:1, k:ed@especiais, mode:BACK
2026-06-09 14:31:46, MOVE, v:1, k:ed@manipulacao, mode:PICK
2026-06-09 14:33:13, MOVE, v:1, k:ed@manipulacao, mode:BACK
2026-06-09 15:47:31, MOVE, v:1, k:ed@altura, mode:EDIT
2026-06-09 15:51:01, MOVE, v:1, k:ed@altura, mode:PICK
2026-06-09 15:51:02, EXEC, v:1, k:ed@altura, mode:FULL, rate:0, size:158
2026-06-09 15:51:20, EXEC, v:1, k:ed@altura, mode:FULL, rate:0, size:158
2026-06-09 15:51:40, EXEC, v:1, k:ed@altura, mode:FULL, rate:57, size:158
2026-06-09 15:51:37, MOVE, v:1, k:ed@altura, mode:EDIT
2026-06-09 15:56:37, EXEC, v:1, k:ed@altura, mode:FULL, rate:28, size:161
2026-06-09 15:56:30, MOVE, v:1, k:ed@altura, mode:EDIT
2026-06-09 15:58:10, EXEC, v:1, k:ed@altura, mode:FULL, rate:100, size:161
2026-06-09 15:58:48, MOVE, v:1, k:ed@altura, mode:BACK
2026-06-09 15:59:23, SELF, v:1, k:ed@altura, self:1, rate:100, study:120, concept:1
