2026-03-23 16:01:43, MOVE, v:1, k:ed@apagando, mode:PICK
2026-03-23 16:01:45, EXEC, v:1, k:ed@apagando, mode:FULL, rate:16
2026-03-23 16:03:33, EXEC, v:1, k:ed@apagando, mode:FULL, rate:16
2026-03-23 16:03:36, EXEC, v:1, k:ed@apagando, mode:FULL, rate:16
2026-03-23 16:03:41, EXEC, v:1, k:ed@apagando, mode:FREE
2026-03-23 16:07:10, MOVE, v:1, k:ed@apagando, mode:DOWN
2026-03-23 16:07:16, MOVE, v:1, k:ed@apagando, mode:PICK
2026-03-23 16:07:27, MOVE, v:1, k:ed@apagando, mode:BACK
2026-03-23 16:13:02, MOVE, v:1, k:ed@apagando, mode:PICK
2026-03-23 16:13:03, EXEC, v:1, k:ed@apagando, mode:FULL, rate:16
2026-03-23 16:13:22, EXEC, v:1, k:ed@apagando, mode:FREE
2026-03-23 16:16:35, EXEC, v:1, k:ed@apagando, mode:FULL, rate:16
2026-03-23 16:17:40, MOVE, v:1, k:ed@apagando, mode:BACK
2026-03-23 16:17:41, MOVE, v:1, k:ed@apagando, mode:PICK
2026-03-23 16:17:43, EXEC, v:1, k:ed@apagando, mode:FULL, rate:0, size:59
2026-03-23 16:17:56, EXEC, v:1, k:ed@apagando, mode:FULL, rate:16, size:57
2026-03-23 16:18:33, EXEC, v:1, k:ed@apagando, mode:FULL, rate:16
2026-03-23 16:23:38, EXEC, v:1, k:ed@apagando, mode:FULL, rate:16, size:51
2026-03-23 16:24:55, EXEC, v:1, k:ed@apagando, mode:FULL, rate:0, size:55
2026-03-23 16:26:22, EXEC, v:1, k:ed@apagando, mode:FULL, rate:0, size:55
2026-03-23 16:27:03, EXEC, v:1, k:ed@apagando, mode:FULL, rate:100, size:55
2026-03-23 16:27:51, MOVE, v:1, k:ed@apagando, mode:BACK
2026-03-23 16:35:50, MOVE, v:1, k:ed@manipulacao, mode:PICK
2026-03-23 16:35:52, EXEC, v:1, k:ed@manipulacao, mode:FULL, rate:0, size:106
2026-03-23 16:43:39, MOVE, v:1, k:ed@manipulacao, mode:BACK
2026-03-23 16:43:39, MOVE, v:1, k:ed@manipulacao, mode:PICK
2026-03-23 16:43:40, MOVE, v:1, k:ed@manipulacao, mode:BACK
2026-03-23 16:43:41, MOVE, v:1, k:ed@manipulacao, mode:PICK
2026-03-23 16:43:43, EXEC, v:1, k:ed@manipulacao, mode:FULL, rate:0
2026-03-23 16:43:56, MOVE, v:1, k:ed@manipulacao, mode:BACK
2026-03-23 16:51:13, MOVE, v:1, k:ed@manipulacao, mode:PICK
2026-03-23 16:51:15, EXEC, v:1, k:ed@manipulacao, mode:FULL, rate:0, size:111
2026-03-23 16:53:15, EXEC, v:1, k:ed@manipulacao, mode:FULL, rate:0, size:111
2026-03-23 16:53:28, EXEC, v:1, k:ed@manipulacao, mode:FULL, rate:14, size:111
2026-03-23 16:55:38, EXEC, v:1, k:ed@manipulacao, mode:FULL, rate:28, size:117
2026-03-23 17:05:08, MOVE, v:1, k:ed@manipulacao, mode:BACK
