2026-05-25 10:58:41, MOVE, v:1, k:ed@bufferring, mode:PICK
2026-05-25 10:59:15, MOVE, v:1, k:ed@bufferring, mode:BACK
2026-05-25 10:59:31, MOVE, v:1, k:ed@pilha, mode:DOWN
2026-05-25 10:58:30, MOVE, v:1, k:ed@lista_d1, mode:EDIT
2026-05-25 10:59:31, MOVE, v:1, k:ed@pilha, mode:EDIT
2026-05-25 10:59:31, MOVE, v:1, k:ed@pilha, mode:EDIT
2026-05-25 11:09:32, MOVE, v:1, k:ed@pilha, mode:EDIT
2026-05-25 11:18:43, MOVE, v:1, k:ed@pilha, mode:PICK
2026-05-25 11:18:44, EXEC, v:1, k:ed@pilha, mode:FULL, rate:0, size:92
2026-05-25 11:19:21, EXEC, v:1, k:ed@pilha, mode:FULL, rate:0, size:92
2026-05-25 11:20:53, EXEC, v:1, k:ed@pilha, mode:FULL, rate:0, size:91
2026-05-25 11:21:06, MOVE, v:1, k:ed@pilha, mode:BACK
2026-05-25 11:21:07, MOVE, v:1, k:ed@pilha, mode:PICK
2026-05-25 11:21:08, EXEC, v:1, k:ed@pilha, mode:FULL, rate:0
2026-05-25 11:20:52, MOVE, v:1, k:ed@pilha, mode:EDIT
2026-05-25 11:23:54, MOVE, v:1, k:ed@pilha, mode:EDIT
2026-05-25 11:32:35, EXEC, v:1, k:ed@pilha, mode:FULL, size:97, fail:COMP
2026-05-25 11:32:33, MOVE, v:1, k:ed@pilha, mode:EDIT
2026-05-25 11:34:00, EXEC, v:1, k:ed@pilha, mode:FULL, rate:0, size:97
2026-05-25 11:34:43, EXEC, v:1, k:ed@pilha, mode:FULL, rate:33, size:95
2026-05-25 11:34:42, MOVE, v:1, k:ed@pilha, mode:EDIT
2026-05-25 11:39:27, MOVE, v:1, k:ed@pilha, mode:EDIT
2026-05-25 11:44:40, EXEC, v:1, k:ed@pilha, mode:FULL, rate:33, size:106
2026-05-25 11:45:04, MOVE, v:1, k:ed@pilha, mode:BACK
2026-05-25 12:54:23, MOVE, v:1, k:ed@pilha, mode:PICK
2026-05-25 12:54:24, EXEC, v:1, k:ed@pilha, mode:FULL, rate:33, size:126
2026-05-25 12:54:39, EXEC, v:1, k:ed@pilha, mode:FULL, rate:33, size:126
2026-05-25 12:55:19, EXEC, v:1, k:ed@pilha, mode:FULL, rate:33, size:126
2026-05-25 12:56:49, EXEC, v:1, k:ed@pilha, mode:FULL, rate:66, size:130
2026-05-25 12:58:30, EXEC, v:1, k:ed@pilha, mode:FULL, rate:66, size:134
2026-05-25 12:58:25, MOVE, v:1, k:ed@pilha, mode:EDIT
2026-05-25 12:59:34, EXEC, v:1, k:ed@pilha, mode:FULL, rate:66, size:134
2026-05-25 13:01:30, EXEC, v:1, k:ed@pilha, mode:FULL, rate:66, size:136
2026-05-25 13:01:51, EXEC, v:1, k:ed@pilha, mode:FULL, rate:66, size:136
2026-05-25 13:02:07, EXEC, v:1, k:ed@pilha, mode:FULL, rate:100, size:134
2026-05-25 13:02:08, MOVE, v:1, k:ed@pilha, mode:BACK
2026-05-25 13:02:35, SELF, v:1, k:ed@pilha, self:1, rate:100, study:50
2026-05-25 13:05:02, MOVE, v:1, k:ed@lista_d1, mode:EDIT
2026-05-25 13:10:22, MOVE, v:1, k:ed@lista_d1, mode:EDIT
2026-05-25 13:13:00, MOVE, v:1, k:ed@lista_d1, mode:PICK
2026-05-25 13:13:02, EXEC, v:1, k:ed@lista_d1, mode:FULL, size:72, fail:COMP
2026-05-25 13:20:20, MOVE, v:1, k:ed@lista_d1, mode:EDIT
2026-05-25 13:22:45, EXEC, v:1, k:ed@lista_d1, mode:FULL, rate:0, size:93
2026-05-25 13:23:18, EXEC, v:1, k:ed@lista_d1, mode:FULL, rate:0, size:92
2026-05-25 13:25:54, EXEC, v:1, k:ed@lista_d1, mode:FULL, rate:0, size:93
2026-05-25 13:25:16, MOVE, v:1, k:ed@lista_d1, mode:EDIT
2026-05-25 13:29:13, EXEC, v:1, k:ed@lista_d1, mode:FULL, rate:0, size:98
2026-05-25 13:30:05, EXEC, v:1, k:ed@lista_d1, mode:FULL, rate:14, size:99
2026-05-25 13:30:26, MOVE, v:1, k:ed@lista_d1, mode:BACK
2026-05-25 13:53:29, MOVE, v:1, k:ed@lista_d1, mode:PICK
2026-05-25 13:53:30, EXEC, v:1, k:ed@lista_d1, mode:FULL, rate:14, size:113
2026-05-25 14:05:11, EXEC, v:1, k:ed@lista_d1, mode:FULL, rate:14, size:123
2026-05-25 14:05:23, EXEC, v:1, k:ed@lista_d1, mode:FULL, rate:42, size:123
2026-05-25 14:08:14, EXEC, v:1, k:ed@lista_d1, mode:FULL, rate:42, size:127
2026-05-25 14:08:13, MOVE, v:1, k:ed@lista_d1, mode:EDIT
2026-05-25 14:10:27, EXEC, v:1, k:ed@lista_d1, mode:FULL, rate:42, size:127
2026-05-25 14:12:17, EXEC, v:1, k:ed@lista_d1, mode:FULL, rate:42, size:137
2026-05-25 14:12:53, EXEC, v:1, k:ed@lista_d1, mode:FULL, rate:42, size:137
2026-05-25 14:12:51, MOVE, v:1, k:ed@lista_d1, mode:EDIT
2026-05-25 14:14:26, MOVE, v:1, k:ed@lista_d1, mode:EDIT
2026-05-25 14:22:31, EXEC, v:1, k:ed@lista_d1, mode:FULL, rate:42, size:137
2026-05-25 14:22:27, MOVE, v:1, k:ed@lista_d1, mode:EDIT
2026-05-25 14:26:35, EXEC, v:1, k:ed@lista_d1, mode:FULL, rate:42, size:137
2026-05-25 14:26:44, MOVE, v:1, k:ed@lista_d1, mode:EDIT
2026-05-25 15:12:31, EXEC, v:1, k:ed@lista_d1, mode:FULL, rate:42, size:137
2026-05-25 15:13:32, MOVE, v:1, k:ed@lista_d1, mode:BACK
2026-05-25 15:13:53, MOVE, v:1, k:ed@dfs_read, mode:DOWN
2026-05-25 15:14:15, MOVE, v:1, k:ed@dfs_read, mode:PICK
2026-05-25 15:14:16, EXEC, v:1, k:ed@dfs_read, mode:LOCK, rate:0, size:5
2026-05-25 15:14:19, MOVE, v:1, k:ed@dfs_read, mode:BACK
2026-05-25 15:14:50, MOVE, v:1, k:ed@dfs_read, mode:PICK
2026-05-25 15:15:11, SELF, v:1, k:ed@dfs_read, self:1
2026-05-25 15:15:13, MOVE, v:1, k:ed@dfs_read, mode:BACK
2026-05-25 15:18:12, MOVE, v:1, k:ed@lista_d1, mode:PICK
2026-05-25 15:18:13, EXEC, v:1, k:ed@lista_d1, mode:FULL, rate:42
2026-05-25 15:18:48, MOVE, v:1, k:ed@dfs_read, mode:EDIT
2026-05-25 15:23:49, EXEC, v:1, k:ed@lista_d1, mode:FULL, rate:42, size:138
2026-05-25 15:24:40, MOVE, v:1, k:ed@lista_d1, mode:EDIT
2026-05-25 15:29:43, EXEC, v:1, k:ed@lista_d1, mode:FULL, rate:57, size:145
2026-05-25 15:30:05, MOVE, v:1, k:ed@lista_d1, mode:BACK
2026-05-25 15:44:17, MOVE, v:1, k:ed@lista_d1, mode:PICK
2026-05-25 15:44:23, EXEC, v:1, k:ed@lista_d1, mode:FULL, rate:57
2026-05-25 15:45:49, EXEC, v:1, k:ed@lista_d1, mode:FULL, rate:57, size:150
2026-05-25 15:45:47, MOVE, v:1, k:ed@lista_d1, mode:EDIT
2026-05-25 15:50:09, EXEC, v:1, k:ed@lista_d1, mode:FULL, rate:57, size:152
2026-05-25 15:53:07, EXEC, v:1, k:ed@lista_d1, mode:FULL, rate:57, size:149
2026-05-25 15:53:39, EXEC, v:1, k:ed@lista_d1, mode:FULL, rate:71, size:149
2026-05-25 15:53:37, MOVE, v:1, k:ed@lista_d1, mode:EDIT
2026-05-25 15:54:54, MOVE, v:1, k:ed@lista_d1, mode:EDIT
2026-05-25 16:01:39, MOVE, v:1, k:ed@lista_d1, mode:BACK
2026-05-25 16:01:44, MOVE, v:1, k:ed@bufferring, mode:PICK
2026-05-25 16:08:35, MOVE, v:1, k:ed@bufferring, mode:EDIT
2026-05-25 16:16:49, MOVE, v:1, k:ed@bufferring, mode:BACK
2026-05-25 16:16:54, MOVE, v:1, k:ed@lista_d1, mode:PICK
2026-05-25 16:16:57, EXEC, v:1, k:ed@lista_d1, mode:FULL, rate:85, size:158
2026-05-25 16:16:44, MOVE, v:1, k:ed@lista_d1, mode:EDIT
2026-05-25 16:26:38, EXEC, v:1, k:ed@lista_d1, mode:FULL, rate:85, size:167
2026-05-25 16:29:07, EXEC, v:1, k:ed@lista_d1, mode:FULL, rate:85, size:171
2026-05-25 16:29:15, MOVE, v:1, k:ed@lista_d1, mode:EDIT
2026-05-25 16:29:16, EXEC, v:1, k:ed@lista_d1, mode:FULL, rate:100, size:171
2026-05-25 16:29:21, MOVE, v:1, k:ed@lista_d1, mode:BACK
2026-05-25 16:29:43, SELF, v:1, k:ed@lista_d1, self:1, rate:100, study:130, concept:1, refactor:1
2026-05-25 16:38:02, MOVE, v:1, k:ed@queimando, mode:DOWN
2026-05-25 16:38:04, MOVE, v:1, k:ed@queimando, mode:PICK
2026-05-25 16:38:02, MOVE, v:1, k:ed@queimando, mode:EDIT
2026-05-25 16:38:02, MOVE, v:1, k:ed@queimando, mode:EDIT
2026-05-25 16:38:02, MOVE, v:1, k:ed@queimando, mode:EDIT
2026-05-25 16:38:02, MOVE, v:1, k:ed@queimando, mode:EDIT
2026-05-25 16:40:01, MOVE, v:1, k:ed@queimando, mode:BACK
2026-05-25 16:40:29, MOVE, v:1, k:ed@lista_d2, mode:DOWN
2026-05-25 16:40:38, MOVE, v:1, k:ed@lista_d2, mode:PICK
2026-05-25 16:40:29, MOVE, v:1, k:ed@lista_d2, mode:EDIT
2026-05-25 16:40:29, MOVE, v:1, k:ed@lista_d2, mode:EDIT
2026-05-25 16:46:49, MOVE, v:1, k:ed@lista_d2, mode:BACK
2026-05-25 16:46:51, MOVE, v:1, k:ed@lista_d2, mode:PICK
2026-05-25 16:46:52, EXEC, v:1, k:ed@lista_d2, mode:FULL, rate:0, size:93
2026-05-25 16:51:48, MOVE, v:1, k:ed@lista_d2, mode:BACK
2026-05-25 16:51:49, MOVE, v:1, k:ed@lista_d1, mode:PICK
2026-05-25 16:51:50, EXEC, v:1, k:ed@lista_d1, mode:FULL, rate:100, size:171
2026-05-25 16:51:51, MOVE, v:1, k:ed@lista_d1, mode:BACK
2026-05-25 16:51:52, MOVE, v:1, k:ed@lista_d2, mode:PICK
2026-05-25 16:51:54, EXEC, v:1, k:ed@lista_d2, mode:FULL, rate:0
2026-05-25 16:51:44, MOVE, v:1, k:ed@lista_d1, mode:EDIT
2026-05-25 16:56:35, MOVE, v:1, k:ed@lista_d2, mode:BACK
